01:20:55 INFO  : Registering command handlers for SDK TCF services
01:20:55 INFO  : Launching XSCT server: xsct -n -interactive /media/sf_SharedWork/Lab4/ip_repo/edit_ElevatorFSM_v1_0.sdk/temp_xsdb_launch_script.tcl
01:20:56 INFO  : XSCT server has started successfully.
01:20:56 INFO  : Successfully done setting XSCT server connection channel  
01:20:57 INFO  : Processing command line option -hwspec /media/sf_SharedWork/Lab4/ip_repo/edit_ElevatorFSM_v1_0.sdk/design_1_wrapper.hdf.
01:20:57 INFO  : Successfully done setting SDK workspace  
01:38:08 INFO  : Connected to target on host '127.0.0.1' and port '3121'.
01:38:08 INFO  : 'targets -set -filter {jtag_cable_name =~ "Xilinx HW-FTDI-TEST FT2232H 1234-tulA" && level==0} -index 1' command is executed.
01:38:10 INFO  : FPGA configured successfully with bitstream "/media/sf_SharedWork/Lab4/ip_repo/edit_ElevatorFSM_v1_0.sdk/design_1_wrapper_hw_platform_0/design_1_wrapper.bit"
01:38:25 INFO  : 'targets -set -filter {jtag_cable_name =~ "Xilinx HW-FTDI-TEST FT2232H 1234-tulA" && level==0} -index 1' command is executed.
01:38:25 INFO  : 'fpga -state' command is executed.
01:38:25 INFO  : Connected to target on host '127.0.0.1' and port '3121'.
01:38:25 INFO  : Jtag cable 'Xilinx HW-FTDI-TEST FT2232H 1234-tulA' is selected.
01:38:25 INFO  : 'jtag frequency' command is executed.
01:38:25 INFO  : Sourcing of '/media/sf_SharedWork/Lab4/ip_repo/edit_ElevatorFSM_v1_0.sdk/design_1_wrapper_hw_platform_0/ps7_init.tcl' is done.
01:38:25 INFO  : Context for 'APU' is selected.
01:38:25 INFO  : Hardware design information is loaded from '/media/sf_SharedWork/Lab4/ip_repo/edit_ElevatorFSM_v1_0.sdk/design_1_wrapper_hw_platform_0/system.hdf'.
01:38:25 INFO  : 'configparams force-mem-access 1' command is executed.
01:38:25 INFO  : Context for 'APU' is selected.
01:38:25 INFO  : 'stop' command is executed.
01:38:25 INFO  : 'ps7_init' command is executed.
01:38:25 INFO  : 'ps7_post_config' command is executed.
01:38:25 INFO  : Context for processor 'ps7_cortexa9_0' is selected.
01:38:25 INFO  : Processor reset is completed for 'ps7_cortexa9_0'.
01:38:25 INFO  : Context for processor 'ps7_cortexa9_0' is selected.
01:38:25 INFO  : The application '/media/sf_SharedWork/Lab4/ip_repo/edit_ElevatorFSM_v1_0.sdk/fsm_code/Debug/fsm_code.elf' is downloaded to processor 'ps7_cortexa9_0'.
01:38:25 INFO  : 'configparams force-mem-access 0' command is executed.
01:38:25 INFO  : ----------------XSDB Script----------------
connect -url tcp:127.0.0.1:3121
source /media/sf_SharedWork/Lab4/ip_repo/edit_ElevatorFSM_v1_0.sdk/design_1_wrapper_hw_platform_0/ps7_init.tcl
targets -set -nocase -filter {name =~"APU*" && jtag_cable_name =~ "Xilinx HW-FTDI-TEST FT2232H 1234-tulA"} -index 0
loadhw -hw /media/sf_SharedWork/Lab4/ip_repo/edit_ElevatorFSM_v1_0.sdk/design_1_wrapper_hw_platform_0/system.hdf -mem-ranges [list {0x40000000 0xbfffffff}]
configparams force-mem-access 1
targets -set -nocase -filter {name =~"APU*" && jtag_cable_name =~ "Xilinx HW-FTDI-TEST FT2232H 1234-tulA"} -index 0
stop
ps7_init
ps7_post_config
targets -set -nocase -filter {name =~ "ARM*#0" && jtag_cable_name =~ "Xilinx HW-FTDI-TEST FT2232H 1234-tulA"} -index 0
rst -processor
targets -set -nocase -filter {name =~ "ARM*#0" && jtag_cable_name =~ "Xilinx HW-FTDI-TEST FT2232H 1234-tulA"} -index 0
dow /media/sf_SharedWork/Lab4/ip_repo/edit_ElevatorFSM_v1_0.sdk/fsm_code/Debug/fsm_code.elf
configparams force-mem-access 0
----------------End of Script----------------

01:38:25 INFO  : Memory regions updated for context APU
01:38:26 INFO  : Context for processor 'ps7_cortexa9_0' is selected.
01:38:26 INFO  : 'con' command is executed.
01:38:26 INFO  : ----------------XSDB Script (After Launch)----------------
targets -set -nocase -filter {name =~ "ARM*#0" && jtag_cable_name =~ "Xilinx HW-FTDI-TEST FT2232H 1234-tulA"} -index 0
con
----------------End of Script----------------

01:38:26 INFO  : Launch script is exported to file '/media/sf_SharedWork/Lab4/ip_repo/edit_ElevatorFSM_v1_0.sdk/.sdk/launch_scripts/xilinx_c-c++_application_(system_debugger)/system_debugger_using_debug_fsm_code.elf_on_local.tcl'
01:42:39 INFO  : Connected to target on host '127.0.0.1' and port '3121'.
01:42:39 INFO  : 'targets -set -filter {jtag_cable_name =~ "Xilinx HW-FTDI-TEST FT2232H 1234-tulA" && level==0} -index 1' command is executed.
01:42:46 INFO  : FPGA configured successfully with bitstream "/media/sf_SharedWork/Lab4/ip_repo/edit_ElevatorFSM_v1_0.sdk/design_1_wrapper_hw_platform_0/design_1_wrapper.bit"
01:42:55 INFO  : Disconnected from the channel tcfchan#1.
01:42:56 INFO  : 'targets -set -filter {jtag_cable_name =~ "Xilinx HW-FTDI-TEST FT2232H 1234-tulA" && level==0} -index 1' command is executed.
01:42:56 INFO  : 'fpga -state' command is executed.
01:42:56 INFO  : Connected to target on host '127.0.0.1' and port '3121'.
01:42:56 INFO  : Jtag cable 'Xilinx HW-FTDI-TEST FT2232H 1234-tulA' is selected.
01:42:56 INFO  : 'jtag frequency' command is executed.
01:42:56 INFO  : Sourcing of '/media/sf_SharedWork/Lab4/ip_repo/edit_ElevatorFSM_v1_0.sdk/design_1_wrapper_hw_platform_0/ps7_init.tcl' is done.
01:42:56 INFO  : Context for 'APU' is selected.
01:42:57 INFO  : Hardware design information is loaded from '/media/sf_SharedWork/Lab4/ip_repo/edit_ElevatorFSM_v1_0.sdk/design_1_wrapper_hw_platform_0/system.hdf'.
01:42:57 INFO  : 'configparams force-mem-access 1' command is executed.
01:42:57 INFO  : Context for 'APU' is selected.
01:42:57 INFO  : 'stop' command is executed.
01:42:57 INFO  : 'ps7_init' command is executed.
01:42:57 INFO  : 'ps7_post_config' command is executed.
01:42:57 INFO  : Context for processor 'ps7_cortexa9_0' is selected.
01:42:57 INFO  : Processor reset is completed for 'ps7_cortexa9_0'.
01:42:57 INFO  : Context for processor 'ps7_cortexa9_0' is selected.
01:42:57 INFO  : The application '/media/sf_SharedWork/Lab4/ip_repo/edit_ElevatorFSM_v1_0.sdk/fsm_code/Debug/fsm_code.elf' is downloaded to processor 'ps7_cortexa9_0'.
01:42:57 INFO  : 'configparams force-mem-access 0' command is executed.
01:42:57 INFO  : ----------------XSDB Script----------------
connect -url tcp:127.0.0.1:3121
source /media/sf_SharedWork/Lab4/ip_repo/edit_ElevatorFSM_v1_0.sdk/design_1_wrapper_hw_platform_0/ps7_init.tcl
targets -set -nocase -filter {name =~"APU*" && jtag_cable_name =~ "Xilinx HW-FTDI-TEST FT2232H 1234-tulA"} -index 0
loadhw -hw /media/sf_SharedWork/Lab4/ip_repo/edit_ElevatorFSM_v1_0.sdk/design_1_wrapper_hw_platform_0/system.hdf -mem-ranges [list {0x40000000 0xbfffffff}]
configparams force-mem-access 1
targets -set -nocase -filter {name =~"APU*" && jtag_cable_name =~ "Xilinx HW-FTDI-TEST FT2232H 1234-tulA"} -index 0
stop
ps7_init
ps7_post_config
targets -set -nocase -filter {name =~ "ARM*#0" && jtag_cable_name =~ "Xilinx HW-FTDI-TEST FT2232H 1234-tulA"} -index 0
rst -processor
targets -set -nocase -filter {name =~ "ARM*#0" && jtag_cable_name =~ "Xilinx HW-FTDI-TEST FT2232H 1234-tulA"} -index 0
dow /media/sf_SharedWork/Lab4/ip_repo/edit_ElevatorFSM_v1_0.sdk/fsm_code/Debug/fsm_code.elf
configparams force-mem-access 0
----------------End of Script----------------

01:42:57 INFO  : Memory regions updated for context APU
01:42:57 INFO  : Context for processor 'ps7_cortexa9_0' is selected.
01:42:57 INFO  : 'con' command is executed.
01:42:57 INFO  : ----------------XSDB Script (After Launch)----------------
targets -set -nocase -filter {name =~ "ARM*#0" && jtag_cable_name =~ "Xilinx HW-FTDI-TEST FT2232H 1234-tulA"} -index 0
con
----------------End of Script----------------

01:42:57 INFO  : Launch script is exported to file '/media/sf_SharedWork/Lab4/ip_repo/edit_ElevatorFSM_v1_0.sdk/.sdk/launch_scripts/xilinx_c-c++_application_(system_debugger)/system_debugger_using_debug_fsm_code.elf_on_local.tcl'
01:50:49 INFO  : Connected to target on host '127.0.0.1' and port '3121'.
01:50:49 INFO  : 'targets -set -filter {jtag_cable_name =~ "Xilinx HW-FTDI-TEST FT2232H 1234-tulA" && level==0} -index 1' command is executed.
01:50:54 INFO  : FPGA configured successfully with bitstream "/media/sf_SharedWork/Lab4/ip_repo/edit_ElevatorFSM_v1_0.sdk/design_1_wrapper_hw_platform_0/design_1_wrapper.bit"
01:51:00 INFO  : Disconnected from the channel tcfchan#2.
01:51:01 INFO  : 'targets -set -filter {jtag_cable_name =~ "Xilinx HW-FTDI-TEST FT2232H 1234-tulA" && level==0} -index 1' command is executed.
01:51:01 INFO  : 'fpga -state' command is executed.
01:51:01 INFO  : Connected to target on host '127.0.0.1' and port '3121'.
01:51:01 INFO  : Jtag cable 'Xilinx HW-FTDI-TEST FT2232H 1234-tulA' is selected.
01:51:01 INFO  : 'jtag frequency' command is executed.
01:51:01 INFO  : Sourcing of '/media/sf_SharedWork/Lab4/ip_repo/edit_ElevatorFSM_v1_0.sdk/design_1_wrapper_hw_platform_0/ps7_init.tcl' is done.
01:51:01 INFO  : Context for 'APU' is selected.
01:51:02 INFO  : Hardware design information is loaded from '/media/sf_SharedWork/Lab4/ip_repo/edit_ElevatorFSM_v1_0.sdk/design_1_wrapper_hw_platform_0/system.hdf'.
01:51:02 INFO  : 'configparams force-mem-access 1' command is executed.
01:51:02 INFO  : Context for 'APU' is selected.
01:51:02 INFO  : 'stop' command is executed.
01:51:02 INFO  : 'ps7_init' command is executed.
01:51:02 INFO  : 'ps7_post_config' command is executed.
01:51:02 INFO  : Context for processor 'ps7_cortexa9_0' is selected.
01:51:02 INFO  : Processor reset is completed for 'ps7_cortexa9_0'.
01:51:02 INFO  : Context for processor 'ps7_cortexa9_0' is selected.
01:51:02 INFO  : The application '/media/sf_SharedWork/Lab4/ip_repo/edit_ElevatorFSM_v1_0.sdk/fsm_code/Debug/fsm_code.elf' is downloaded to processor 'ps7_cortexa9_0'.
01:51:02 INFO  : 'configparams force-mem-access 0' command is executed.
01:51:02 INFO  : ----------------XSDB Script----------------
connect -url tcp:127.0.0.1:3121
source /media/sf_SharedWork/Lab4/ip_repo/edit_ElevatorFSM_v1_0.sdk/design_1_wrapper_hw_platform_0/ps7_init.tcl
targets -set -nocase -filter {name =~"APU*" && jtag_cable_name =~ "Xilinx HW-FTDI-TEST FT2232H 1234-tulA"} -index 0
loadhw -hw /media/sf_SharedWork/Lab4/ip_repo/edit_ElevatorFSM_v1_0.sdk/design_1_wrapper_hw_platform_0/system.hdf -mem-ranges [list {0x40000000 0xbfffffff}]
configparams force-mem-access 1
targets -set -nocase -filter {name =~"APU*" && jtag_cable_name =~ "Xilinx HW-FTDI-TEST FT2232H 1234-tulA"} -index 0
stop
ps7_init
ps7_post_config
targets -set -nocase -filter {name =~ "ARM*#0" && jtag_cable_name =~ "Xilinx HW-FTDI-TEST FT2232H 1234-tulA"} -index 0
rst -processor
targets -set -nocase -filter {name =~ "ARM*#0" && jtag_cable_name =~ "Xilinx HW-FTDI-TEST FT2232H 1234-tulA"} -index 0
dow /media/sf_SharedWork/Lab4/ip_repo/edit_ElevatorFSM_v1_0.sdk/fsm_code/Debug/fsm_code.elf
configparams force-mem-access 0
----------------End of Script----------------

01:51:02 INFO  : Memory regions updated for context APU
01:51:02 INFO  : Context for processor 'ps7_cortexa9_0' is selected.
01:51:02 INFO  : 'con' command is executed.
01:51:02 INFO  : ----------------XSDB Script (After Launch)----------------
targets -set -nocase -filter {name =~ "ARM*#0" && jtag_cable_name =~ "Xilinx HW-FTDI-TEST FT2232H 1234-tulA"} -index 0
con
----------------End of Script----------------

01:51:02 INFO  : Launch script is exported to file '/media/sf_SharedWork/Lab4/ip_repo/edit_ElevatorFSM_v1_0.sdk/.sdk/launch_scripts/xilinx_c-c++_application_(system_debugger)/system_debugger_using_debug_fsm_code.elf_on_local.tcl'
01:52:12 INFO  : Disconnected from the channel tcfchan#3.
