#-----------------------------------------------------------
# Webtalk v2018.2 (64-bit)
# SW Build 2258646 on Thu Jun 14 20:02:38 MDT 2018
# 
# Start of session at: Sun Mar 17 21:24:19 2024
# Process ID: 6359
# Current directory: /media/sf_SharedWork/Lab2/ip_repo/edit_coffee_moore_v1_0.sdk/webtalk
# Command line: wbtcv -mode batch -source sdk_webtalk.tcl
# Log file: /media/sf_SharedWork/Lab2/ip_repo/edit_coffee_moore_v1_0.sdk/webtalk/webtalk.log
# Journal file: /media/sf_SharedWork/Lab2/ip_repo/edit_coffee_moore_v1_0.sdk/webtalk/webtalk.jou
#-----------------------------------------------------------
source sdk_webtalk.tcl
# webtalk_init -webtalk_dir /media/sf_SharedWork/Lab2/ip_repo/edit_coffee_moore_v1_0.sdk/webtalk
# webtalk_register_client -client project
# webtalk_add_data -client project -key date_generated -value "2024-03-17 21:24:17" -context "software_version_and_target_device"
# webtalk_add_data -client project -key product_version -value "SDK v2018.2" -context "software_version_and_target_device"
# webtalk_add_data -client project -key build_version -value "2018.2" -context "software_version_and_target_device"
# webtalk_add_data -client project -key os_platform -value "amd64" -context "software_version_and_target_device"
# webtalk_add_data -client project -key registration_id -value "" -context "software_version_and_target_device"
# webtalk_add_data -client project -key tool_flow -value "SDK" -context "software_version_and_target_device"
# webtalk_add_data -client project -key beta -value "false" -context "software_version_and_target_device"
# webtalk_add_data -client project -key route_design -value "NA" -context "software_version_and_target_device"
# webtalk_add_data -client project -key target_family -value "NA" -context "software_version_and_target_device"
# webtalk_add_data -client project -key target_device -value "NA" -context "software_version_and_target_device"
# webtalk_add_data -client project -key target_package -value "NA" -context "software_version_and_target_device"
# webtalk_add_data -client project -key target_speed -value "NA" -context "software_version_and_target_device"
# webtalk_add_data -client project -key random_id -value "41rve9o19b3egrhmg06n9d47c4" -context "software_version_and_target_device"
# webtalk_add_data -client project -key project_id -value "2018.2_5" -context "software_version_and_target_device"
# webtalk_add_data -client project -key project_iteration -value "5" -context "software_version_and_target_device"
# webtalk_add_data -client project -key os_name -value "Ubuntu" -context "user_environment"
# webtalk_add_data -client project -key os_release -value "Ubuntu 18.04.5 LTS" -context "user_environment"
# webtalk_add_data -client project -key cpu_name -value "13th Gen Intel(R) Core(TM) i7-1360P" -context "user_environment"
# webtalk_add_data -client project -key cpu_speed -value "2611.198 MHz" -context "user_environment"
# webtalk_add_data -client project -key total_processors -value "1" -context "user_environment"
# webtalk_add_data -client project -key system_ram -value "2.080 GB" -context "user_environment"
# webtalk_register_client -client sdk
# webtalk_add_data -client sdk -key uid -value "1710705420000" -context "sdk\\\\hardware/1710705420000"
# webtalk_add_data -client sdk -key isZynq -value "true" -context "sdk\\\\hardware/1710705420000"
# webtalk_add_data -client sdk -key isZynqMP -value "false" -context "sdk\\\\hardware/1710705420000"
# webtalk_add_data -client sdk -key Processors -value "2" -context "sdk\\\\hardware/1710705420000"
# webtalk_add_data -client sdk -key VivadoVersion -value "2018.2" -context "sdk\\\\hardware/1710705420000"
# webtalk_add_data -client sdk -key Arch -value "zynq" -context "sdk\\\\hardware/1710705420000"
# webtalk_add_data -client sdk -key Device -value "7z020" -context "sdk\\\\hardware/1710705420000"
# webtalk_add_data -client sdk -key IsHandoff -value "true" -context "sdk\\\\hardware/1710705420000"
# webtalk_add_data -client sdk -key os -value "NA" -context "sdk\\\\hardware/1710705420000"
# webtalk_add_data -client sdk -key apptemplate -value "NA" -context "sdk\\\\hardware/1710705420000"
# webtalk_add_data -client sdk -key RecordType -value "HWCreation" -context "sdk\\\\hardware/1710705420000"
# webtalk_add_data -client sdk -key uid -value "1710705461000" -context "sdk\\\\bsp/1710705461000"
# webtalk_add_data -client sdk -key hwid -value "1710705420000" -context "sdk\\\\bsp/1710705461000"
# webtalk_add_data -client sdk -key os -value "standalone" -context "sdk\\\\bsp/1710705461000"
# webtalk_add_data -client sdk -key apptemplate -value "hello_world" -context "sdk\\\\bsp/1710705461000"
# webtalk_add_data -client sdk -key RecordType -value "BSPCreation" -context "sdk\\\\bsp/1710705461000"
# webtalk_add_data -client sdk -key uid -value "1710705462000" -context "sdk\\\\application/1710705462000"
# webtalk_add_data -client sdk -key hwid -value "1710705420000" -context "sdk\\\\application/1710705462000"
# webtalk_add_data -client sdk -key bspid -value "1710705461000" -context "sdk\\\\application/1710705462000"
# webtalk_add_data -client sdk -key newbsp -value "true" -context "sdk\\\\application/1710705462000"
# webtalk_add_data -client sdk -key os -value "standalone" -context "sdk\\\\application/1710705462000"
# webtalk_add_data -client sdk -key apptemplate -value "hello_world" -context "sdk\\\\application/1710705462000"
# webtalk_add_data -client sdk -key RecordType -value "APPCreation" -context "sdk\\\\application/1710705462000"
# webtalk_add_data -client sdk -key LangUsed -value "C" -context "sdk\\\\application/1710705462000"
# webtalk_add_data -client sdk -key Procused -value "ps7_cortexa9" -context "sdk\\\\application/1710705462000"
# webtalk_add_data -client sdk -key projSize -value "215.9140625" -context "sdk\\\\application/1710705462000"
# webtalk_add_data -client sdk -key uid -value "NA" -context "sdk\\\\bsp/1710707057387"
# webtalk_add_data -client sdk -key RecordType -value "ToolUsage" -context "sdk\\\\bsp/1710707057387"
# webtalk_add_data -client sdk -key BootgenCount -value "0" -context "sdk\\\\bsp/1710707057387"
# webtalk_add_data -client sdk -key DebugCount -value "2" -context "sdk\\\\bsp/1710707057387"
# webtalk_add_data -client sdk -key PerfCount -value "0" -context "sdk\\\\bsp/1710707057387"
# webtalk_add_data -client sdk -key FlashCount -value "0" -context "sdk\\\\bsp/1710707057387"
# webtalk_add_data -client sdk -key CrossTriggCount -value "0" -context "sdk\\\\bsp/1710707057387"
# webtalk_add_data -client sdk -key QemuDebugCount -value "0" -context "sdk\\\\bsp/1710707057387"
# webtalk_transmit -clientid 3153259491 -regid "" -xml /media/sf_SharedWork/Lab2/ip_repo/edit_coffee_moore_v1_0.sdk/webtalk/usage_statistics_ext_sdk.xml -html /media/sf_SharedWork/Lab2/ip_repo/edit_coffee_moore_v1_0.sdk/webtalk/usage_statistics_ext_sdk.html -wdm /media/sf_SharedWork/Lab2/ip_repo/edit_coffee_moore_v1_0.sdk/webtalk/sdk_webtalk.wdm -intro "<H3>SDK Usage Report</H3><BR>"
# webtalk_terminate
INFO: [Common 17-206] Exiting Webtalk at Sun Mar 17 21:24:19 2024...
