11:08:49 INFO  : Registering command handlers for SDK TCF services
11:08:50 INFO  : Launching XSCT server: xsct -n -interactive /media/sf_SharedWork/Lab2/ip_repo/edit_coffee_moore_v1_0.sdk/temp_xsdb_launch_script.tcl
11:08:51 INFO  : XSCT server has started successfully.
11:08:51 INFO  : Successfully done setting XSCT server connection channel  
11:08:51 INFO  : Processing command line option -hwspec /media/sf_SharedWork/Lab2/ip_repo/edit_coffee_moore_v1_0.sdk/design_1_wrapper.hdf.
11:08:51 INFO  : Successfully done setting SDK workspace  
11:11:21 INFO  : Connected to target on host '127.0.0.1' and port '3121'.
11:11:21 INFO  : 'targets -set -filter {jtag_cable_name =~ "Xilinx HW-FTDI-TEST FT2232H 1234-tulA" && level==0} -index 1' command is executed.
11:11:24 INFO  : FPGA configured successfully with bitstream "/media/sf_SharedWork/Lab2/ip_repo/edit_coffee_moore_v1_0.sdk/design_1_wrapper_hw_platform_0/design_1_wrapper.bit"
11:11:35 INFO  : 'targets -set -filter {jtag_cable_name =~ "Xilinx HW-FTDI-TEST FT2232H 1234-tulA" && level==0} -index 1' command is executed.
11:11:35 INFO  : 'fpga -state' command is executed.
11:11:35 INFO  : Connected to target on host '127.0.0.1' and port '3121'.
11:11:35 INFO  : Jtag cable 'Xilinx HW-FTDI-TEST FT2232H 1234-tulA' is selected.
11:11:35 INFO  : 'jtag frequency' command is executed.
11:11:35 INFO  : Sourcing of '/media/sf_SharedWork/Lab2/ip_repo/edit_coffee_moore_v1_0.sdk/design_1_wrapper_hw_platform_0/ps7_init.tcl' is done.
11:11:35 INFO  : Context for 'APU' is selected.
11:11:35 INFO  : Hardware design information is loaded from '/media/sf_SharedWork/Lab2/ip_repo/edit_coffee_moore_v1_0.sdk/design_1_wrapper_hw_platform_0/system.hdf'.
11:11:35 INFO  : 'configparams force-mem-access 1' command is executed.
11:11:35 INFO  : Context for 'APU' is selected.
11:11:35 INFO  : 'stop' command is executed.
11:11:35 INFO  : 'ps7_init' command is executed.
11:11:35 INFO  : 'ps7_post_config' command is executed.
11:11:35 INFO  : Context for processor 'ps7_cortexa9_0' is selected.
11:11:35 INFO  : Processor reset is completed for 'ps7_cortexa9_0'.
11:11:35 INFO  : Context for processor 'ps7_cortexa9_0' is selected.
11:11:35 INFO  : The application '/media/sf_SharedWork/Lab2/ip_repo/edit_coffee_moore_v1_0.sdk/fsm_code/Debug/fsm_code.elf' is downloaded to processor 'ps7_cortexa9_0'.
11:11:35 INFO  : 'configparams force-mem-access 0' command is executed.
11:11:35 INFO  : ----------------XSDB Script----------------
connect -url tcp:127.0.0.1:3121
source /media/sf_SharedWork/Lab2/ip_repo/edit_coffee_moore_v1_0.sdk/design_1_wrapper_hw_platform_0/ps7_init.tcl
targets -set -nocase -filter {name =~"APU*" && jtag_cable_name =~ "Xilinx HW-FTDI-TEST FT2232H 1234-tulA"} -index 0
loadhw -hw /media/sf_SharedWork/Lab2/ip_repo/edit_coffee_moore_v1_0.sdk/design_1_wrapper_hw_platform_0/system.hdf -mem-ranges [list {0x40000000 0xbfffffff}]
configparams force-mem-access 1
targets -set -nocase -filter {name =~"APU*" && jtag_cable_name =~ "Xilinx HW-FTDI-TEST FT2232H 1234-tulA"} -index 0
stop
ps7_init
ps7_post_config
targets -set -nocase -filter {name =~ "ARM*#0" && jtag_cable_name =~ "Xilinx HW-FTDI-TEST FT2232H 1234-tulA"} -index 0
rst -processor
targets -set -nocase -filter {name =~ "ARM*#0" && jtag_cable_name =~ "Xilinx HW-FTDI-TEST FT2232H 1234-tulA"} -index 0
dow /media/sf_SharedWork/Lab2/ip_repo/edit_coffee_moore_v1_0.sdk/fsm_code/Debug/fsm_code.elf
configparams force-mem-access 0
----------------End of Script----------------

11:11:35 INFO  : Memory regions updated for context APU
11:11:35 INFO  : Context for processor 'ps7_cortexa9_0' is selected.
11:11:35 INFO  : 'con' command is executed.
11:11:35 INFO  : ----------------XSDB Script (After Launch)----------------
targets -set -nocase -filter {name =~ "ARM*#0" && jtag_cable_name =~ "Xilinx HW-FTDI-TEST FT2232H 1234-tulA"} -index 0
con
----------------End of Script----------------

11:11:35 INFO  : Launch script is exported to file '/media/sf_SharedWork/Lab2/ip_repo/edit_coffee_moore_v1_0.sdk/.sdk/launch_scripts/xilinx_c-c++_application_(system_debugger)/system_debugger_using_debug_fsm_code.elf_on_local.tcl'
11:14:01 INFO  : Disconnected from the channel tcfchan#1.
11:14:02 INFO  : 'targets -set -filter {jtag_cable_name =~ "Xilinx HW-FTDI-TEST FT2232H 1234-tulA" && level==0} -index 1' command is executed.
11:14:02 INFO  : 'fpga -state' command is executed.
11:14:02 INFO  : Connected to target on host '127.0.0.1' and port '3121'.
11:14:02 INFO  : Jtag cable 'Xilinx HW-FTDI-TEST FT2232H 1234-tulA' is selected.
11:14:02 INFO  : 'jtag frequency' command is executed.
11:14:02 INFO  : Sourcing of '/media/sf_SharedWork/Lab2/ip_repo/edit_coffee_moore_v1_0.sdk/design_1_wrapper_hw_platform_0/ps7_init.tcl' is done.
11:14:02 INFO  : Context for 'APU' is selected.
11:14:03 INFO  : Hardware design information is loaded from '/media/sf_SharedWork/Lab2/ip_repo/edit_coffee_moore_v1_0.sdk/design_1_wrapper_hw_platform_0/system.hdf'.
11:14:03 INFO  : 'configparams force-mem-access 1' command is executed.
11:14:03 INFO  : Context for 'APU' is selected.
11:14:03 INFO  : 'stop' command is executed.
11:14:03 INFO  : 'ps7_init' command is executed.
11:14:03 INFO  : 'ps7_post_config' command is executed.
11:14:03 INFO  : Context for processor 'ps7_cortexa9_0' is selected.
11:14:03 INFO  : Processor reset is completed for 'ps7_cortexa9_0'.
11:14:03 INFO  : Context for processor 'ps7_cortexa9_0' is selected.
11:14:03 INFO  : The application '/media/sf_SharedWork/Lab2/ip_repo/edit_coffee_moore_v1_0.sdk/fsm_code/Debug/fsm_code.elf' is downloaded to processor 'ps7_cortexa9_0'.
11:14:03 INFO  : 'configparams force-mem-access 0' command is executed.
11:14:03 INFO  : ----------------XSDB Script----------------
connect -url tcp:127.0.0.1:3121
source /media/sf_SharedWork/Lab2/ip_repo/edit_coffee_moore_v1_0.sdk/design_1_wrapper_hw_platform_0/ps7_init.tcl
targets -set -nocase -filter {name =~"APU*" && jtag_cable_name =~ "Xilinx HW-FTDI-TEST FT2232H 1234-tulA"} -index 0
loadhw -hw /media/sf_SharedWork/Lab2/ip_repo/edit_coffee_moore_v1_0.sdk/design_1_wrapper_hw_platform_0/system.hdf -mem-ranges [list {0x40000000 0xbfffffff}]
configparams force-mem-access 1
targets -set -nocase -filter {name =~"APU*" && jtag_cable_name =~ "Xilinx HW-FTDI-TEST FT2232H 1234-tulA"} -index 0
stop
ps7_init
ps7_post_config
targets -set -nocase -filter {name =~ "ARM*#0" && jtag_cable_name =~ "Xilinx HW-FTDI-TEST FT2232H 1234-tulA"} -index 0
rst -processor
targets -set -nocase -filter {name =~ "ARM*#0" && jtag_cable_name =~ "Xilinx HW-FTDI-TEST FT2232H 1234-tulA"} -index 0
dow /media/sf_SharedWork/Lab2/ip_repo/edit_coffee_moore_v1_0.sdk/fsm_code/Debug/fsm_code.elf
configparams force-mem-access 0
----------------End of Script----------------

11:14:03 INFO  : Memory regions updated for context APU
11:14:03 INFO  : Context for processor 'ps7_cortexa9_0' is selected.
11:14:03 INFO  : 'con' command is executed.
11:14:03 INFO  : ----------------XSDB Script (After Launch)----------------
targets -set -nocase -filter {name =~ "ARM*#0" && jtag_cable_name =~ "Xilinx HW-FTDI-TEST FT2232H 1234-tulA"} -index 0
con
----------------End of Script----------------

11:14:03 INFO  : Launch script is exported to file '/media/sf_SharedWork/Lab2/ip_repo/edit_coffee_moore_v1_0.sdk/.sdk/launch_scripts/xilinx_c-c++_application_(system_debugger)/system_debugger_using_debug_fsm_code.elf_on_local.tcl'
11:14:32 INFO  : Connected to target on host '127.0.0.1' and port '3121'.
11:14:32 INFO  : 'targets -set -filter {jtag_cable_name =~ "Xilinx HW-FTDI-TEST FT2232H 1234-tulA" && level==0} -index 1' command is executed.
11:14:34 INFO  : FPGA configured successfully with bitstream "/media/sf_SharedWork/Lab2/ip_repo/edit_coffee_moore_v1_0.sdk/design_1_wrapper_hw_platform_0/design_1_wrapper.bit"
11:14:39 INFO  : Disconnected from the channel tcfchan#2.
11:14:40 INFO  : 'targets -set -filter {jtag_cable_name =~ "Xilinx HW-FTDI-TEST FT2232H 1234-tulA" && level==0} -index 1' command is executed.
11:14:40 INFO  : 'fpga -state' command is executed.
11:14:40 INFO  : Connected to target on host '127.0.0.1' and port '3121'.
11:14:40 INFO  : Jtag cable 'Xilinx HW-FTDI-TEST FT2232H 1234-tulA' is selected.
11:14:40 INFO  : 'jtag frequency' command is executed.
11:14:40 INFO  : Sourcing of '/media/sf_SharedWork/Lab2/ip_repo/edit_coffee_moore_v1_0.sdk/design_1_wrapper_hw_platform_0/ps7_init.tcl' is done.
11:14:40 INFO  : Context for 'APU' is selected.
11:14:41 INFO  : Hardware design information is loaded from '/media/sf_SharedWork/Lab2/ip_repo/edit_coffee_moore_v1_0.sdk/design_1_wrapper_hw_platform_0/system.hdf'.
11:14:41 INFO  : 'configparams force-mem-access 1' command is executed.
11:14:41 INFO  : Context for 'APU' is selected.
11:14:41 INFO  : 'stop' command is executed.
11:14:41 INFO  : 'ps7_init' command is executed.
11:14:41 INFO  : 'ps7_post_config' command is executed.
11:14:41 INFO  : Context for processor 'ps7_cortexa9_0' is selected.
11:14:41 INFO  : Processor reset is completed for 'ps7_cortexa9_0'.
11:14:41 INFO  : Context for processor 'ps7_cortexa9_0' is selected.
11:14:41 INFO  : The application '/media/sf_SharedWork/Lab2/ip_repo/edit_coffee_moore_v1_0.sdk/fsm_code/Debug/fsm_code.elf' is downloaded to processor 'ps7_cortexa9_0'.
11:14:41 INFO  : 'configparams force-mem-access 0' command is executed.
11:14:41 INFO  : ----------------XSDB Script----------------
connect -url tcp:127.0.0.1:3121
source /media/sf_SharedWork/Lab2/ip_repo/edit_coffee_moore_v1_0.sdk/design_1_wrapper_hw_platform_0/ps7_init.tcl
targets -set -nocase -filter {name =~"APU*" && jtag_cable_name =~ "Xilinx HW-FTDI-TEST FT2232H 1234-tulA"} -index 0
loadhw -hw /media/sf_SharedWork/Lab2/ip_repo/edit_coffee_moore_v1_0.sdk/design_1_wrapper_hw_platform_0/system.hdf -mem-ranges [list {0x40000000 0xbfffffff}]
configparams force-mem-access 1
targets -set -nocase -filter {name =~"APU*" && jtag_cable_name =~ "Xilinx HW-FTDI-TEST FT2232H 1234-tulA"} -index 0
stop
ps7_init
ps7_post_config
targets -set -nocase -filter {name =~ "ARM*#0" && jtag_cable_name =~ "Xilinx HW-FTDI-TEST FT2232H 1234-tulA"} -index 0
rst -processor
targets -set -nocase -filter {name =~ "ARM*#0" && jtag_cable_name =~ "Xilinx HW-FTDI-TEST FT2232H 1234-tulA"} -index 0
dow /media/sf_SharedWork/Lab2/ip_repo/edit_coffee_moore_v1_0.sdk/fsm_code/Debug/fsm_code.elf
configparams force-mem-access 0
----------------End of Script----------------

11:14:41 INFO  : Memory regions updated for context APU
11:14:41 INFO  : Context for processor 'ps7_cortexa9_0' is selected.
11:14:41 INFO  : 'con' command is executed.
11:14:41 INFO  : ----------------XSDB Script (After Launch)----------------
targets -set -nocase -filter {name =~ "ARM*#0" && jtag_cable_name =~ "Xilinx HW-FTDI-TEST FT2232H 1234-tulA"} -index 0
con
----------------End of Script----------------

11:14:41 INFO  : Launch script is exported to file '/media/sf_SharedWork/Lab2/ip_repo/edit_coffee_moore_v1_0.sdk/.sdk/launch_scripts/xilinx_c-c++_application_(system_debugger)/system_debugger_using_debug_fsm_code.elf_on_local.tcl'
11:16:08 INFO  : Connected to target on host '127.0.0.1' and port '3121'.
11:16:08 INFO  : 'targets -set -filter {jtag_cable_name =~ "Xilinx HW-FTDI-TEST FT2232H 1234-tulA" && level==0} -index 1' command is executed.
11:16:11 INFO  : FPGA configured successfully with bitstream "/media/sf_SharedWork/Lab2/ip_repo/edit_coffee_moore_v1_0.sdk/design_1_wrapper_hw_platform_0/design_1_wrapper.bit"
11:16:24 INFO  : Disconnected from the channel tcfchan#3.
11:16:25 INFO  : 'targets -set -filter {jtag_cable_name =~ "Xilinx HW-FTDI-TEST FT2232H 1234-tulA" && level==0} -index 1' command is executed.
11:16:25 INFO  : 'fpga -state' command is executed.
11:16:25 INFO  : Connected to target on host '127.0.0.1' and port '3121'.
11:16:25 INFO  : Jtag cable 'Xilinx HW-FTDI-TEST FT2232H 1234-tulA' is selected.
11:16:25 INFO  : 'jtag frequency' command is executed.
11:16:25 INFO  : Sourcing of '/media/sf_SharedWork/Lab2/ip_repo/edit_coffee_moore_v1_0.sdk/design_1_wrapper_hw_platform_0/ps7_init.tcl' is done.
11:16:25 INFO  : Context for 'APU' is selected.
11:16:26 INFO  : Hardware design information is loaded from '/media/sf_SharedWork/Lab2/ip_repo/edit_coffee_moore_v1_0.sdk/design_1_wrapper_hw_platform_0/system.hdf'.
11:16:26 INFO  : 'configparams force-mem-access 1' command is executed.
11:16:26 INFO  : Context for 'APU' is selected.
11:16:26 INFO  : 'stop' command is executed.
11:16:26 INFO  : 'ps7_init' command is executed.
11:16:26 INFO  : 'ps7_post_config' command is executed.
11:16:26 INFO  : Context for processor 'ps7_cortexa9_0' is selected.
11:16:26 INFO  : Processor reset is completed for 'ps7_cortexa9_0'.
11:16:26 INFO  : Context for processor 'ps7_cortexa9_0' is selected.
11:16:26 INFO  : The application '/media/sf_SharedWork/Lab2/ip_repo/edit_coffee_moore_v1_0.sdk/fsm_code/Debug/fsm_code.elf' is downloaded to processor 'ps7_cortexa9_0'.
11:16:26 INFO  : 'configparams force-mem-access 0' command is executed.
11:16:26 INFO  : ----------------XSDB Script----------------
connect -url tcp:127.0.0.1:3121
source /media/sf_SharedWork/Lab2/ip_repo/edit_coffee_moore_v1_0.sdk/design_1_wrapper_hw_platform_0/ps7_init.tcl
targets -set -nocase -filter {name =~"APU*" && jtag_cable_name =~ "Xilinx HW-FTDI-TEST FT2232H 1234-tulA"} -index 0
loadhw -hw /media/sf_SharedWork/Lab2/ip_repo/edit_coffee_moore_v1_0.sdk/design_1_wrapper_hw_platform_0/system.hdf -mem-ranges [list {0x40000000 0xbfffffff}]
configparams force-mem-access 1
targets -set -nocase -filter {name =~"APU*" && jtag_cable_name =~ "Xilinx HW-FTDI-TEST FT2232H 1234-tulA"} -index 0
stop
ps7_init
ps7_post_config
targets -set -nocase -filter {name =~ "ARM*#0" && jtag_cable_name =~ "Xilinx HW-FTDI-TEST FT2232H 1234-tulA"} -index 0
rst -processor
targets -set -nocase -filter {name =~ "ARM*#0" && jtag_cable_name =~ "Xilinx HW-FTDI-TEST FT2232H 1234-tulA"} -index 0
dow /media/sf_SharedWork/Lab2/ip_repo/edit_coffee_moore_v1_0.sdk/fsm_code/Debug/fsm_code.elf
configparams force-mem-access 0
----------------End of Script----------------

11:16:27 INFO  : Memory regions updated for context APU
11:16:27 INFO  : Context for processor 'ps7_cortexa9_0' is selected.
11:16:27 INFO  : 'con' command is executed.
11:16:27 INFO  : ----------------XSDB Script (After Launch)----------------
targets -set -nocase -filter {name =~ "ARM*#0" && jtag_cable_name =~ "Xilinx HW-FTDI-TEST FT2232H 1234-tulA"} -index 0
con
----------------End of Script----------------

11:16:27 INFO  : Launch script is exported to file '/media/sf_SharedWork/Lab2/ip_repo/edit_coffee_moore_v1_0.sdk/.sdk/launch_scripts/xilinx_c-c++_application_(system_debugger)/system_debugger_using_debug_fsm_code.elf_on_local.tcl'
11:19:04 INFO  : Disconnected from the channel tcfchan#4.
