
*** Running vivado
    with args -log design_1_debounce_2_0.vds -m64 -product Vivado -mode batch -messageDb vivado.pb -notrace -source design_1_debounce_2_0.tcl


****** Vivado v2018.2 (64-bit)
  **** SW Build 2258646 on Thu Jun 14 20:02:38 MDT 2018
  **** IP Build 2256618 on Thu Jun 14 22:10:49 MDT 2018
    ** Copyright 1986-2018 Xilinx, Inc. All Rights Reserved.

source design_1_debounce_2_0.tcl -notrace
Command: synth_design -top design_1_debounce_2_0 -part xc7z020clg400-1 -mode out_of_context
Starting synth_design
Attempting to get a license for feature 'Synthesis' and/or device 'xc7z020'
INFO: [Common 17-349] Got license for feature 'Synthesis' and/or device 'xc7z020'
INFO: Launching helper process for spawning children vivado processes
INFO: Helper process launched with PID 7636 
---------------------------------------------------------------------------------
Starting RTL Elaboration : Time (s): cpu = 00:00:01 ; elapsed = 00:00:02 . Memory (MB): peak = 1320.648 ; gain = 88.879 ; free physical = 63 ; free virtual = 1711
---------------------------------------------------------------------------------
INFO: [Synth 8-6157] synthesizing module 'design_1_debounce_2_0' [/media/sf_SharedWork/Lab3/ip_repo/edit_coffee_mealy_v1_0.srcs/sources_1/bd/design_1/ip/design_1_debounce_2_0/synth/design_1_debounce_2_0.v:58]
INFO: [Synth 8-6157] synthesizing module 'debounce' [/media/sf_SharedWork/Lab3/ip_repo/edit_coffee_mealy_v1_0.srcs/sources_1/new/debounce.v:3]
WARNING: [Synth 8-6014] Unused sequential element stable_state_reg was removed.  [/media/sf_SharedWork/Lab3/ip_repo/edit_coffee_mealy_v1_0.srcs/sources_1/new/debounce.v:21]
INFO: [Synth 8-6155] done synthesizing module 'debounce' (1#1) [/media/sf_SharedWork/Lab3/ip_repo/edit_coffee_mealy_v1_0.srcs/sources_1/new/debounce.v:3]
INFO: [Synth 8-6155] done synthesizing module 'design_1_debounce_2_0' (2#1) [/media/sf_SharedWork/Lab3/ip_repo/edit_coffee_mealy_v1_0.srcs/sources_1/bd/design_1/ip/design_1_debounce_2_0/synth/design_1_debounce_2_0.v:58]
---------------------------------------------------------------------------------
Finished RTL Elaboration : Time (s): cpu = 00:00:02 ; elapsed = 00:00:03 . Memory (MB): peak = 1365.273 ; gain = 133.504 ; free physical = 178 ; free virtual = 1745
---------------------------------------------------------------------------------

Report Check Netlist: 
+------+------------------+-------+---------+-------+------------------+
|      |Item              |Errors |Warnings |Status |Description       |
+------+------------------+-------+---------+-------+------------------+
|1     |multi_driven_nets |      0|        0|Passed |Multi driven nets |
+------+------------------+-------+---------+-------+------------------+
---------------------------------------------------------------------------------
Start Handling Custom Attributes
---------------------------------------------------------------------------------
---------------------------------------------------------------------------------
Finished Handling Custom Attributes : Time (s): cpu = 00:00:02 ; elapsed = 00:00:03 . Memory (MB): peak = 1365.273 ; gain = 133.504 ; free physical = 160 ; free virtual = 1731
---------------------------------------------------------------------------------
---------------------------------------------------------------------------------
Finished RTL Optimization Phase 1 : Time (s): cpu = 00:00:02 ; elapsed = 00:00:03 . Memory (MB): peak = 1365.273 ; gain = 133.504 ; free physical = 160 ; free virtual = 1731
---------------------------------------------------------------------------------
INFO: [Device 21-403] Loading part xc7z020clg400-1
INFO: [Project 1-570] Preparing netlist for logic optimization

Processing XDC Constraints
Initializing timing engine
Completed Processing XDC Constraints

INFO: [Project 1-111] Unisim Transformation Summary:
No Unisim elements were transformed.

WARNING: [Constraints 18-5210] No constraint will be written out.
Constraint Validation Runtime : Time (s): cpu = 00:00:00 ; elapsed = 00:00:00.16 . Memory (MB): peak = 1659.418 ; gain = 1.000 ; free physical = 69 ; free virtual = 1240
---------------------------------------------------------------------------------
Finished Constraint Validation : Time (s): cpu = 00:00:09 ; elapsed = 00:00:22 . Memory (MB): peak = 1659.418 ; gain = 427.648 ; free physical = 164 ; free virtual = 1376
---------------------------------------------------------------------------------
---------------------------------------------------------------------------------
Start Loading Part and Timing Information
---------------------------------------------------------------------------------
Loading part: xc7z020clg400-1
---------------------------------------------------------------------------------
Finished Loading Part and Timing Information : Time (s): cpu = 00:00:09 ; elapsed = 00:00:22 . Memory (MB): peak = 1659.418 ; gain = 427.648 ; free physical = 164 ; free virtual = 1379
---------------------------------------------------------------------------------
---------------------------------------------------------------------------------
Start Applying 'set_property' XDC Constraints
---------------------------------------------------------------------------------
---------------------------------------------------------------------------------
Finished applying 'set_property' XDC Constraints : Time (s): cpu = 00:00:09 ; elapsed = 00:00:22 . Memory (MB): peak = 1659.418 ; gain = 427.648 ; free physical = 165 ; free virtual = 1381
---------------------------------------------------------------------------------
INFO: [Synth 8-5546] ROM "button_out" won't be mapped to RAM because it is too sparse
---------------------------------------------------------------------------------
Finished RTL Optimization Phase 2 : Time (s): cpu = 00:00:09 ; elapsed = 00:00:23 . Memory (MB): peak = 1659.418 ; gain = 427.648 ; free physical = 128 ; free virtual = 1356
---------------------------------------------------------------------------------

Report RTL Partitions: 
+-+--------------+------------+----------+
| |RTL Partition |Replication |Instances |
+-+--------------+------------+----------+
+-+--------------+------------+----------+
---------------------------------------------------------------------------------
Start RTL Component Statistics 
---------------------------------------------------------------------------------
Detailed RTL Component Info : 
+---Registers : 
	                1 Bit    Registers := 2     
+---Muxes : 
	   2 Input      1 Bit        Muxes := 2     
---------------------------------------------------------------------------------
Finished RTL Component Statistics 
---------------------------------------------------------------------------------
---------------------------------------------------------------------------------
Start RTL Hierarchical Component Statistics 
---------------------------------------------------------------------------------
Hierarchical RTL Component report 
Module debounce 
Detailed RTL Component Info : 
+---Registers : 
	                1 Bit    Registers := 2     
+---Muxes : 
	   2 Input      1 Bit        Muxes := 2     
---------------------------------------------------------------------------------
Finished RTL Hierarchical Component Statistics
---------------------------------------------------------------------------------
---------------------------------------------------------------------------------
Start Part Resource Summary
---------------------------------------------------------------------------------
Part Resources:
DSPs: 220 (col length:60)
BRAMs: 280 (col length: RAMB18 60 RAMB36 30)
---------------------------------------------------------------------------------
Finished Part Resource Summary
---------------------------------------------------------------------------------
---------------------------------------------------------------------------------
Start Cross Boundary and Area Optimization
---------------------------------------------------------------------------------
Warning: Parallel synthesis criteria is not met 
INFO: [Synth 8-5546] ROM "inst/button_out" won't be mapped to RAM because it is too sparse
---------------------------------------------------------------------------------
Finished Cross Boundary and Area Optimization : Time (s): cpu = 00:00:09 ; elapsed = 00:00:23 . Memory (MB): peak = 1659.418 ; gain = 427.648 ; free physical = 82 ; free virtual = 1332
---------------------------------------------------------------------------------

Report RTL Partitions: 
+-+--------------+------------+----------+
| |RTL Partition |Replication |Instances |
+-+--------------+------------+----------+
+-+--------------+------------+----------+
---------------------------------------------------------------------------------
Start Applying XDC Timing Constraints
---------------------------------------------------------------------------------
---------------------------------------------------------------------------------
Finished Applying XDC Timing Constraints : Time (s): cpu = 00:00:13 ; elapsed = 00:00:29 . Memory (MB): peak = 1662.418 ; gain = 430.648 ; free physical = 73 ; free virtual = 1090
---------------------------------------------------------------------------------
---------------------------------------------------------------------------------
Start Timing Optimization
---------------------------------------------------------------------------------
---------------------------------------------------------------------------------
Finished Timing Optimization : Time (s): cpu = 00:00:13 ; elapsed = 00:00:29 . Memory (MB): peak = 1662.418 ; gain = 430.648 ; free physical = 72 ; free virtual = 1091
---------------------------------------------------------------------------------

Report RTL Partitions: 
+-+--------------+------------+----------+
| |RTL Partition |Replication |Instances |
+-+--------------+------------+----------+
+-+--------------+------------+----------+
---------------------------------------------------------------------------------
Start Technology Mapping
---------------------------------------------------------------------------------
---------------------------------------------------------------------------------
Finished Technology Mapping : Time (s): cpu = 00:00:13 ; elapsed = 00:00:29 . Memory (MB): peak = 1671.434 ; gain = 439.664 ; free physical = 89 ; free virtual = 1089
---------------------------------------------------------------------------------

Report RTL Partitions: 
+-+--------------+------------+----------+
| |RTL Partition |Replication |Instances |
+-+--------------+------------+----------+
+-+--------------+------------+----------+
---------------------------------------------------------------------------------
Start IO Insertion
---------------------------------------------------------------------------------
---------------------------------------------------------------------------------
Start Flattening Before IO Insertion
---------------------------------------------------------------------------------
---------------------------------------------------------------------------------
Finished Flattening Before IO Insertion
---------------------------------------------------------------------------------
---------------------------------------------------------------------------------
Start Final Netlist Cleanup
---------------------------------------------------------------------------------
---------------------------------------------------------------------------------
Finished Final Netlist Cleanup
---------------------------------------------------------------------------------
---------------------------------------------------------------------------------
Finished IO Insertion : Time (s): cpu = 00:00:13 ; elapsed = 00:00:29 . Memory (MB): peak = 1671.434 ; gain = 439.664 ; free physical = 89 ; free virtual = 1091
---------------------------------------------------------------------------------

Report Check Netlist: 
+------+------------------+-------+---------+-------+------------------+
|      |Item              |Errors |Warnings |Status |Description       |
+------+------------------+-------+---------+-------+------------------+
|1     |multi_driven_nets |      0|        0|Passed |Multi driven nets |
+------+------------------+-------+---------+-------+------------------+
---------------------------------------------------------------------------------
Start Renaming Generated Instances
---------------------------------------------------------------------------------
---------------------------------------------------------------------------------
Finished Renaming Generated Instances : Time (s): cpu = 00:00:13 ; elapsed = 00:00:29 . Memory (MB): peak = 1671.434 ; gain = 439.664 ; free physical = 89 ; free virtual = 1092
---------------------------------------------------------------------------------

Report RTL Partitions: 
+-+--------------+------------+----------+
| |RTL Partition |Replication |Instances |
+-+--------------+------------+----------+
+-+--------------+------------+----------+
---------------------------------------------------------------------------------
Start Rebuilding User Hierarchy
---------------------------------------------------------------------------------
---------------------------------------------------------------------------------
Finished Rebuilding User Hierarchy : Time (s): cpu = 00:00:13 ; elapsed = 00:00:29 . Memory (MB): peak = 1671.434 ; gain = 439.664 ; free physical = 89 ; free virtual = 1092
---------------------------------------------------------------------------------
---------------------------------------------------------------------------------
Start Renaming Generated Ports
---------------------------------------------------------------------------------
---------------------------------------------------------------------------------
Finished Renaming Generated Ports : Time (s): cpu = 00:00:13 ; elapsed = 00:00:29 . Memory (MB): peak = 1671.434 ; gain = 439.664 ; free physical = 89 ; free virtual = 1092
---------------------------------------------------------------------------------
---------------------------------------------------------------------------------
Start Handling Custom Attributes
---------------------------------------------------------------------------------
---------------------------------------------------------------------------------
Finished Handling Custom Attributes : Time (s): cpu = 00:00:13 ; elapsed = 00:00:29 . Memory (MB): peak = 1671.434 ; gain = 439.664 ; free physical = 89 ; free virtual = 1092
---------------------------------------------------------------------------------
---------------------------------------------------------------------------------
Start Renaming Generated Nets
---------------------------------------------------------------------------------
---------------------------------------------------------------------------------
Finished Renaming Generated Nets : Time (s): cpu = 00:00:13 ; elapsed = 00:00:29 . Memory (MB): peak = 1671.434 ; gain = 439.664 ; free physical = 89 ; free virtual = 1092
---------------------------------------------------------------------------------
---------------------------------------------------------------------------------
Start Writing Synthesis Report
---------------------------------------------------------------------------------

Report BlackBoxes: 
+-+--------------+----------+
| |BlackBox name |Instances |
+-+--------------+----------+
+-+--------------+----------+

Report Cell Usage: 
+------+-------+------+
|      |Cell   |Count |
+------+-------+------+
|1     |CARRY4 |     5|
|2     |LUT1   |     1|
|3     |LUT2   |     1|
|4     |LUT3   |     1|
|5     |LUT4   |     3|
|6     |LUT5   |     2|
|7     |LUT6   |     2|
|8     |FDRE   |    22|
+------+-------+------+

Report Instance Areas: 
+------+---------+---------+------+
|      |Instance |Module   |Cells |
+------+---------+---------+------+
|1     |top      |         |    37|
|2     |  inst   |debounce |    37|
+------+---------+---------+------+
---------------------------------------------------------------------------------
Finished Writing Synthesis Report : Time (s): cpu = 00:00:13 ; elapsed = 00:00:29 . Memory (MB): peak = 1671.434 ; gain = 439.664 ; free physical = 88 ; free virtual = 1092
---------------------------------------------------------------------------------
Synthesis finished with 0 errors, 0 critical warnings and 0 warnings.
Synthesis Optimization Runtime : Time (s): cpu = 00:00:07 ; elapsed = 00:00:12 . Memory (MB): peak = 1671.434 ; gain = 145.520 ; free physical = 200 ; free virtual = 1208
Synthesis Optimization Complete : Time (s): cpu = 00:00:13 ; elapsed = 00:00:30 . Memory (MB): peak = 1671.441 ; gain = 439.664 ; free physical = 200 ; free virtual = 1209
INFO: [Project 1-571] Translating synthesized netlist
INFO: [Netlist 29-17] Analyzing 5 Unisim elements for replacement
INFO: [Netlist 29-28] Unisim Transformation completed in 0 CPU seconds
INFO: [Project 1-570] Preparing netlist for logic optimization
INFO: [Opt 31-138] Pushed 0 inverter(s) to 0 load pin(s).
INFO: [Project 1-111] Unisim Transformation Summary:
No Unisim elements were transformed.

INFO: [Common 17-83] Releasing license: Synthesis
17 Infos, 2 Warnings, 0 Critical Warnings and 0 Errors encountered.
synth_design completed successfully
synth_design: Time (s): cpu = 00:00:14 ; elapsed = 00:00:31 . Memory (MB): peak = 1678.434 ; gain = 459.238 ; free physical = 175 ; free virtual = 1190
WARNING: [Constraints 18-5210] No constraint will be written out.
INFO: [Common 17-1381] The checkpoint '/media/sf_SharedWork/Lab3/ip_repo/edit_coffee_mealy_v1_0.runs/design_1_debounce_2_0_synth_1/design_1_debounce_2_0.dcp' has been generated.
WARNING: [Constraints 18-5210] No constraint will be written out.
INFO: [Common 17-1381] The checkpoint '/media/sf_SharedWork/Lab3/ip_repo/edit_coffee_mealy_v1_0.runs/design_1_debounce_2_0_synth_1/design_1_debounce_2_0.dcp' has been generated.
INFO: [runtcl-4] Executing : report_utilization -file design_1_debounce_2_0_utilization_synth.rpt -pb design_1_debounce_2_0_utilization_synth.pb
report_utilization: Time (s): cpu = 00:00:00.07 ; elapsed = 00:00:00.12 . Memory (MB): peak = 1702.445 ; gain = 0.000 ; free physical = 85 ; free virtual = 1179
INFO: [Common 17-206] Exiting Vivado at Thu Mar 21 16:12:15 2024...
