05:03:19 INFO  : Registering command handlers for SDK TCF services
05:03:20 INFO  : Launching XSCT server: xsct -n -interactive /media/sf_SharedWork/Lab1/counter_PS_REAL/counter_PS_REAL.sdk/temp_xsdb_launch_script.tcl
05:03:21 INFO  : XSCT server has started successfully.
05:03:21 INFO  : Processing command line option -hwspec /media/sf_SharedWork/Lab1/counter_PS_REAL/counter_PS_REAL.sdk/design_1_wrapper.hdf.
05:03:21 INFO  : Successfully done setting XSCT server connection channel  
05:03:21 INFO  : Successfully done setting SDK workspace  
05:04:49 INFO  : The new hardware specification file contains the same information as the current specification file. No changes were done to the workspace.
05:15:16 INFO  : Connected to target on host '127.0.0.1' and port '3121'.
05:15:16 INFO  : 'targets -set -filter {jtag_cable_name =~ "Xilinx HW-FTDI-TEST FT2232H 1234-tulA" && level==0} -index 1' command is executed.
05:15:24 INFO  : FPGA configured successfully with bitstream "/media/sf_SharedWork/Lab1/counter_PS_REAL/counter_PS_REAL.sdk/design_1_wrapper_hw_platform_0/design_1_wrapper.bit"
05:15:44 INFO  : 'targets -set -filter {jtag_cable_name =~ "Xilinx HW-FTDI-TEST FT2232H 1234-tulA" && level==0} -index 1' command is executed.
05:15:44 INFO  : 'fpga -state' command is executed.
05:15:44 INFO  : Connected to target on host '127.0.0.1' and port '3121'.
05:15:44 INFO  : Jtag cable 'Xilinx HW-FTDI-TEST FT2232H 1234-tulA' is selected.
05:15:44 INFO  : 'jtag frequency' command is executed.
05:15:44 INFO  : Sourcing of '/media/sf_SharedWork/Lab1/counter_PS_REAL/counter_PS_REAL.sdk/design_1_wrapper_hw_platform_0/ps7_init.tcl' is done.
05:15:44 INFO  : Context for 'APU' is selected.
05:15:44 INFO  : Hardware design information is loaded from '/media/sf_SharedWork/Lab1/counter_PS_REAL/counter_PS_REAL.sdk/design_1_wrapper_hw_platform_0/system.hdf'.
05:15:44 INFO  : 'configparams force-mem-access 1' command is executed.
05:15:44 INFO  : Context for 'APU' is selected.
05:15:44 INFO  : 'stop' command is executed.
05:15:45 INFO  : 'ps7_init' command is executed.
05:15:45 INFO  : 'ps7_post_config' command is executed.
05:15:45 INFO  : Context for processor 'ps7_cortexa9_0' is selected.
05:15:45 INFO  : Processor reset is completed for 'ps7_cortexa9_0'.
05:15:45 INFO  : Context for processor 'ps7_cortexa9_0' is selected.
05:15:45 INFO  : The application '/media/sf_SharedWork/Lab1/counter_PS_REAL/counter_PS_REAL.sdk/zynq_counter/Debug/zynq_counter.elf' is downloaded to processor 'ps7_cortexa9_0'.
05:15:45 INFO  : 'configparams force-mem-access 0' command is executed.
05:15:45 INFO  : ----------------XSDB Script----------------
connect -url tcp:127.0.0.1:3121
source /media/sf_SharedWork/Lab1/counter_PS_REAL/counter_PS_REAL.sdk/design_1_wrapper_hw_platform_0/ps7_init.tcl
targets -set -nocase -filter {name =~"APU*" && jtag_cable_name =~ "Xilinx HW-FTDI-TEST FT2232H 1234-tulA"} -index 0
loadhw -hw /media/sf_SharedWork/Lab1/counter_PS_REAL/counter_PS_REAL.sdk/design_1_wrapper_hw_platform_0/system.hdf -mem-ranges [list {0x40000000 0xbfffffff}]
configparams force-mem-access 1
targets -set -nocase -filter {name =~"APU*" && jtag_cable_name =~ "Xilinx HW-FTDI-TEST FT2232H 1234-tulA"} -index 0
stop
ps7_init
ps7_post_config
targets -set -nocase -filter {name =~ "ARM*#0" && jtag_cable_name =~ "Xilinx HW-FTDI-TEST FT2232H 1234-tulA"} -index 0
rst -processor
targets -set -nocase -filter {name =~ "ARM*#0" && jtag_cable_name =~ "Xilinx HW-FTDI-TEST FT2232H 1234-tulA"} -index 0
dow /media/sf_SharedWork/Lab1/counter_PS_REAL/counter_PS_REAL.sdk/zynq_counter/Debug/zynq_counter.elf
configparams force-mem-access 0
----------------End of Script----------------

05:15:45 INFO  : Memory regions updated for context APU
05:15:45 INFO  : Context for processor 'ps7_cortexa9_0' is selected.
05:15:45 INFO  : 'con' command is executed.
05:15:45 INFO  : ----------------XSDB Script (After Launch)----------------
targets -set -nocase -filter {name =~ "ARM*#0" && jtag_cable_name =~ "Xilinx HW-FTDI-TEST FT2232H 1234-tulA"} -index 0
con
----------------End of Script----------------

05:15:45 INFO  : Launch script is exported to file '/media/sf_SharedWork/Lab1/counter_PS_REAL/counter_PS_REAL.sdk/.sdk/launch_scripts/xilinx_c-c++_application_(system_debugger)/system_debugger_using_debug_zynq_counter.elf_on_local.tcl'
05:21:58 INFO  : Disconnected from the channel tcfchan#1.
16:55:50 INFO  : Registering command handlers for SDK TCF services
16:55:51 INFO  : Launching XSCT server: xsct -n -interactive /media/sf_SharedWork/Lab1/counter_PS_REAL/counter_PS_REAL.sdk/temp_xsdb_launch_script.tcl
16:55:54 INFO  : XSCT server has started successfully.
16:55:55 INFO  : Successfully done setting XSCT server connection channel  
16:55:55 INFO  : Successfully done setting SDK workspace  
16:55:55 INFO  : Processing command line option -hwspec /media/sf_SharedWork/Lab1/counter_PS_REAL/counter_PS_REAL.sdk/design_1_wrapper.hdf.
16:55:55 INFO  : Checking for hwspec changes in the project design_1_wrapper_hw_platform_0.
16:56:19 INFO  : Connected to target on host '127.0.0.1' and port '3121'.
16:56:19 INFO  : 'targets -set -filter {jtag_cable_name =~ "Xilinx HW-FTDI-TEST FT2232H 1234-tulA" && level==0} -index 1' command is executed.
16:56:22 INFO  : FPGA configured successfully with bitstream "/media/sf_SharedWork/Lab1/counter_PS_REAL/counter_PS_REAL.sdk/design_1_wrapper_hw_platform_0/design_1_wrapper.bit"
16:56:30 INFO  : 'targets -set -filter {jtag_cable_name =~ "Xilinx HW-FTDI-TEST FT2232H 1234-tulA" && level==0} -index 1' command is executed.
16:56:30 INFO  : 'fpga -state' command is executed.
16:56:30 INFO  : Connected to target on host '127.0.0.1' and port '3121'.
16:56:30 INFO  : Jtag cable 'Xilinx HW-FTDI-TEST FT2232H 1234-tulA' is selected.
16:56:30 INFO  : 'jtag frequency' command is executed.
16:56:30 INFO  : Sourcing of '/media/sf_SharedWork/Lab1/counter_PS_REAL/counter_PS_REAL.sdk/design_1_wrapper_hw_platform_0/ps7_init.tcl' is done.
16:56:30 INFO  : Context for 'APU' is selected.
16:56:30 INFO  : Hardware design information is loaded from '/media/sf_SharedWork/Lab1/counter_PS_REAL/counter_PS_REAL.sdk/design_1_wrapper_hw_platform_0/system.hdf'.
16:56:30 INFO  : 'configparams force-mem-access 1' command is executed.
16:56:30 INFO  : Context for 'APU' is selected.
16:56:30 INFO  : 'stop' command is executed.
16:56:31 INFO  : 'ps7_init' command is executed.
16:56:31 INFO  : 'ps7_post_config' command is executed.
16:56:31 INFO  : Context for processor 'ps7_cortexa9_0' is selected.
16:56:31 INFO  : Processor reset is completed for 'ps7_cortexa9_0'.
16:56:31 INFO  : Context for processor 'ps7_cortexa9_0' is selected.
16:56:31 INFO  : The application '/media/sf_SharedWork/Lab1/counter_PS_REAL/counter_PS_REAL.sdk/zynq_counter/Debug/zynq_counter.elf' is downloaded to processor 'ps7_cortexa9_0'.
16:56:31 INFO  : 'configparams force-mem-access 0' command is executed.
16:56:31 INFO  : ----------------XSDB Script----------------
connect -url tcp:127.0.0.1:3121
source /media/sf_SharedWork/Lab1/counter_PS_REAL/counter_PS_REAL.sdk/design_1_wrapper_hw_platform_0/ps7_init.tcl
targets -set -nocase -filter {name =~"APU*" && jtag_cable_name =~ "Xilinx HW-FTDI-TEST FT2232H 1234-tulA"} -index 0
loadhw -hw /media/sf_SharedWork/Lab1/counter_PS_REAL/counter_PS_REAL.sdk/design_1_wrapper_hw_platform_0/system.hdf -mem-ranges [list {0x40000000 0xbfffffff}]
configparams force-mem-access 1
targets -set -nocase -filter {name =~"APU*" && jtag_cable_name =~ "Xilinx HW-FTDI-TEST FT2232H 1234-tulA"} -index 0
stop
ps7_init
ps7_post_config
targets -set -nocase -filter {name =~ "ARM*#0" && jtag_cable_name =~ "Xilinx HW-FTDI-TEST FT2232H 1234-tulA"} -index 0
rst -processor
targets -set -nocase -filter {name =~ "ARM*#0" && jtag_cable_name =~ "Xilinx HW-FTDI-TEST FT2232H 1234-tulA"} -index 0
dow /media/sf_SharedWork/Lab1/counter_PS_REAL/counter_PS_REAL.sdk/zynq_counter/Debug/zynq_counter.elf
configparams force-mem-access 0
----------------End of Script----------------

16:56:31 INFO  : Memory regions updated for context APU
16:56:31 INFO  : Context for processor 'ps7_cortexa9_0' is selected.
16:56:31 INFO  : 'con' command is executed.
16:56:31 INFO  : ----------------XSDB Script (After Launch)----------------
targets -set -nocase -filter {name =~ "ARM*#0" && jtag_cable_name =~ "Xilinx HW-FTDI-TEST FT2232H 1234-tulA"} -index 0
con
----------------End of Script----------------

16:56:31 INFO  : Launch script is exported to file '/media/sf_SharedWork/Lab1/counter_PS_REAL/counter_PS_REAL.sdk/.sdk/launch_scripts/xilinx_c-c++_application_(system_debugger)/system_debugger_using_debug_zynq_counter.elf_on_local.tcl'
17:10:01 INFO  : Connected to target on host '127.0.0.1' and port '3121'.
17:10:01 INFO  : 'targets -set -filter {jtag_cable_name =~ "Xilinx HW-FTDI-TEST FT2232H 1234-tulA" && level==0} -index 1' command is executed.
17:10:04 INFO  : FPGA configured successfully with bitstream "/media/sf_SharedWork/Lab1/counter_PS_REAL/counter_PS_REAL.sdk/design_1_wrapper_hw_platform_0/design_1_wrapper.bit"
17:10:11 INFO  : Disconnected from the channel tcfchan#1.
17:10:12 INFO  : 'targets -set -filter {jtag_cable_name =~ "Xilinx HW-FTDI-TEST FT2232H 1234-tulA" && level==0} -index 1' command is executed.
17:10:12 INFO  : 'fpga -state' command is executed.
17:10:12 INFO  : Connected to target on host '127.0.0.1' and port '3121'.
17:10:12 INFO  : Jtag cable 'Xilinx HW-FTDI-TEST FT2232H 1234-tulA' is selected.
17:10:12 INFO  : 'jtag frequency' command is executed.
17:10:12 INFO  : Sourcing of '/media/sf_SharedWork/Lab1/counter_PS_REAL/counter_PS_REAL.sdk/design_1_wrapper_hw_platform_0/ps7_init.tcl' is done.
17:10:12 INFO  : Context for 'APU' is selected.
17:10:13 INFO  : Hardware design information is loaded from '/media/sf_SharedWork/Lab1/counter_PS_REAL/counter_PS_REAL.sdk/design_1_wrapper_hw_platform_0/system.hdf'.
17:10:13 INFO  : 'configparams force-mem-access 1' command is executed.
17:10:13 INFO  : Context for 'APU' is selected.
17:10:13 INFO  : 'stop' command is executed.
17:10:14 INFO  : 'ps7_init' command is executed.
17:10:14 INFO  : 'ps7_post_config' command is executed.
17:10:14 INFO  : Context for processor 'ps7_cortexa9_0' is selected.
17:10:14 INFO  : Processor reset is completed for 'ps7_cortexa9_0'.
17:10:14 INFO  : Context for processor 'ps7_cortexa9_0' is selected.
17:10:14 INFO  : The application '/media/sf_SharedWork/Lab1/counter_PS_REAL/counter_PS_REAL.sdk/zynq_counter/Debug/zynq_counter.elf' is downloaded to processor 'ps7_cortexa9_0'.
17:10:14 INFO  : 'configparams force-mem-access 0' command is executed.
17:10:14 INFO  : ----------------XSDB Script----------------
connect -url tcp:127.0.0.1:3121
source /media/sf_SharedWork/Lab1/counter_PS_REAL/counter_PS_REAL.sdk/design_1_wrapper_hw_platform_0/ps7_init.tcl
targets -set -nocase -filter {name =~"APU*" && jtag_cable_name =~ "Xilinx HW-FTDI-TEST FT2232H 1234-tulA"} -index 0
loadhw -hw /media/sf_SharedWork/Lab1/counter_PS_REAL/counter_PS_REAL.sdk/design_1_wrapper_hw_platform_0/system.hdf -mem-ranges [list {0x40000000 0xbfffffff}]
configparams force-mem-access 1
targets -set -nocase -filter {name =~"APU*" && jtag_cable_name =~ "Xilinx HW-FTDI-TEST FT2232H 1234-tulA"} -index 0
stop
ps7_init
ps7_post_config
targets -set -nocase -filter {name =~ "ARM*#0" && jtag_cable_name =~ "Xilinx HW-FTDI-TEST FT2232H 1234-tulA"} -index 0
rst -processor
targets -set -nocase -filter {name =~ "ARM*#0" && jtag_cable_name =~ "Xilinx HW-FTDI-TEST FT2232H 1234-tulA"} -index 0
dow /media/sf_SharedWork/Lab1/counter_PS_REAL/counter_PS_REAL.sdk/zynq_counter/Debug/zynq_counter.elf
configparams force-mem-access 0
----------------End of Script----------------

17:10:14 INFO  : Memory regions updated for context APU
17:10:14 INFO  : Context for processor 'ps7_cortexa9_0' is selected.
17:10:14 INFO  : 'con' command is executed.
17:10:14 INFO  : ----------------XSDB Script (After Launch)----------------
targets -set -nocase -filter {name =~ "ARM*#0" && jtag_cable_name =~ "Xilinx HW-FTDI-TEST FT2232H 1234-tulA"} -index 0
con
----------------End of Script----------------

17:10:14 INFO  : Launch script is exported to file '/media/sf_SharedWork/Lab1/counter_PS_REAL/counter_PS_REAL.sdk/.sdk/launch_scripts/xilinx_c-c++_application_(system_debugger)/system_debugger_using_debug_zynq_counter.elf_on_local.tcl'
17:11:55 INFO  : Disconnected from the channel tcfchan#2.
