23:15:07 INFO  : Registering command handlers for SDK TCF services
23:15:08 INFO  : Launching XSCT server: xsct -n -interactive /media/sf_SharedWork/Lab3/ip_repo/edit_coffee_mealy_v1_0.sdk/temp_xsdb_launch_script.tcl
23:15:10 INFO  : XSCT server has started successfully.
23:15:11 INFO  : Successfully done setting XSCT server connection channel  
23:15:11 INFO  : Successfully done setting SDK workspace  
23:15:11 INFO  : Processing command line option -hwspec /media/sf_SharedWork/Lab3/ip_repo/edit_coffee_mealy_v1_0.sdk/design_1_wrapper.hdf.
23:16:54 INFO  : Connected to target on host '127.0.0.1' and port '3121'.
23:16:54 INFO  : 'targets -set -filter {jtag_cable_name =~ "Xilinx HW-FTDI-TEST FT2232H 1234-tulA" && level==0} -index 1' command is executed.
23:16:56 INFO  : FPGA configured successfully with bitstream "/media/sf_SharedWork/Lab3/ip_repo/edit_coffee_mealy_v1_0.sdk/design_1_wrapper_hw_platform_0/design_1_wrapper.bit"
23:17:04 INFO  : 'targets -set -filter {jtag_cable_name =~ "Xilinx HW-FTDI-TEST FT2232H 1234-tulA" && level==0} -index 1' command is executed.
23:17:04 INFO  : 'fpga -state' command is executed.
23:17:04 INFO  : Connected to target on host '127.0.0.1' and port '3121'.
23:17:04 INFO  : Jtag cable 'Xilinx HW-FTDI-TEST FT2232H 1234-tulA' is selected.
23:17:04 INFO  : 'jtag frequency' command is executed.
23:17:04 INFO  : Sourcing of '/media/sf_SharedWork/Lab3/ip_repo/edit_coffee_mealy_v1_0.sdk/design_1_wrapper_hw_platform_0/ps7_init.tcl' is done.
23:17:04 INFO  : Context for 'APU' is selected.
23:17:04 INFO  : Hardware design information is loaded from '/media/sf_SharedWork/Lab3/ip_repo/edit_coffee_mealy_v1_0.sdk/design_1_wrapper_hw_platform_0/system.hdf'.
23:17:04 INFO  : 'configparams force-mem-access 1' command is executed.
23:17:04 INFO  : Context for 'APU' is selected.
23:17:04 INFO  : 'stop' command is executed.
23:17:05 INFO  : 'ps7_init' command is executed.
23:17:05 INFO  : 'ps7_post_config' command is executed.
23:17:05 INFO  : Context for processor 'ps7_cortexa9_0' is selected.
23:17:05 INFO  : Processor reset is completed for 'ps7_cortexa9_0'.
23:17:05 INFO  : Context for processor 'ps7_cortexa9_0' is selected.
23:17:05 INFO  : The application '/media/sf_SharedWork/Lab3/ip_repo/edit_coffee_mealy_v1_0.sdk/fsm_code/Debug/fsm_code.elf' is downloaded to processor 'ps7_cortexa9_0'.
23:17:05 INFO  : 'configparams force-mem-access 0' command is executed.
23:17:05 INFO  : ----------------XSDB Script----------------
connect -url tcp:127.0.0.1:3121
source /media/sf_SharedWork/Lab3/ip_repo/edit_coffee_mealy_v1_0.sdk/design_1_wrapper_hw_platform_0/ps7_init.tcl
targets -set -nocase -filter {name =~"APU*" && jtag_cable_name =~ "Xilinx HW-FTDI-TEST FT2232H 1234-tulA"} -index 0
loadhw -hw /media/sf_SharedWork/Lab3/ip_repo/edit_coffee_mealy_v1_0.sdk/design_1_wrapper_hw_platform_0/system.hdf -mem-ranges [list {0x40000000 0xbfffffff}]
configparams force-mem-access 1
targets -set -nocase -filter {name =~"APU*" && jtag_cable_name =~ "Xilinx HW-FTDI-TEST FT2232H 1234-tulA"} -index 0
stop
ps7_init
ps7_post_config
targets -set -nocase -filter {name =~ "ARM*#0" && jtag_cable_name =~ "Xilinx HW-FTDI-TEST FT2232H 1234-tulA"} -index 0
rst -processor
targets -set -nocase -filter {name =~ "ARM*#0" && jtag_cable_name =~ "Xilinx HW-FTDI-TEST FT2232H 1234-tulA"} -index 0
dow /media/sf_SharedWork/Lab3/ip_repo/edit_coffee_mealy_v1_0.sdk/fsm_code/Debug/fsm_code.elf
configparams force-mem-access 0
----------------End of Script----------------

23:17:05 INFO  : Memory regions updated for context APU
23:17:05 INFO  : Context for processor 'ps7_cortexa9_0' is selected.
23:17:05 INFO  : 'con' command is executed.
23:17:05 INFO  : ----------------XSDB Script (After Launch)----------------
targets -set -nocase -filter {name =~ "ARM*#0" && jtag_cable_name =~ "Xilinx HW-FTDI-TEST FT2232H 1234-tulA"} -index 0
con
----------------End of Script----------------

23:17:05 INFO  : Launch script is exported to file '/media/sf_SharedWork/Lab3/ip_repo/edit_coffee_mealy_v1_0.sdk/.sdk/launch_scripts/xilinx_c-c++_application_(system_debugger)/system_debugger_using_debug_fsm_code.elf_on_local.tcl'
23:27:50 INFO  : Disconnected from the channel tcfchan#1.
